<html>
<head>
<title>TestNG:  AllTests</title>
<link href="../testng.css" rel="stylesheet" type="text/css" />
<link href="../my-testng.css" rel="stylesheet" type="text/css" />

<style type="text/css">
.log { display: none;} 
.stack-trace { display: none;} 
</style>
<script type="text/javascript">
<!--
function flip(e) {
  current = e.style.display;
  if (current == 'block') {
    e.style.display = 'none';
    return 0;
  }
  else {
    e.style.display = 'block';
    return 1;
  }
}

function toggleBox(szDivId, elem, msg1, msg2)
{
  var res = -1;  if (document.getElementById) {
    res = flip(document.getElementById(szDivId));
  }
  else if (document.all) {
    // this is the way old msie versions work
    res = flip(document.all[szDivId]);
  }
  if(elem) {
    if(res == 0) elem.innerHTML = msg1; else elem.innerHTML = msg2;
  }

}

function toggleAllBoxes() {
  if (document.getElementsByTagName) {
    d = document.getElementsByTagName('div');
    for (i = 0; i < d.length; i++) {
      if (d[i].className == 'log') {
        flip(d[i]);
      }
    }
  }
}

// -->
</script>

</head>
<body>
<h2 align='center'>AllTests</h2><table border='1' align="center">
<tr>
<td>Tests passed/Failed/Skipped:</td><td>32/1/0</td>
</tr><tr>
<td>Started on:</td><td>Tue Aug 19 15:39:35 IST 2025</td>
</tr>
<tr><td>Total time:</td><td>1 seconds (1488 ms)</td>
</tr><tr>
<td>Included groups:</td><td></td>
</tr><tr>
<td>Excluded groups:</td><td></td>
</tr>
</table><p/>
<small><i>(Hover the method name to see the test class name)</i></small><p/>
<table width='100%' border='1' class='invocation-failed'>
<tr><td colspan='4' align='center'><b>FAILED TESTS</b></td></tr>
<tr><td><b>Test method</b></td>
<td><b>Attribute(s)</b></td>
<td width="30%"><b>Exception</b></td>
<td width="10%"><b>Time (seconds)</b></td>
<td><b>Instance</b></td>
</tr>
<tr>
<td title='com.example.tests.SuiteTest.testWithSuite_failed()'><b>testWithSuite_failed</b><br>Test class: com.example.tests.SuiteTest</td>
<td><div><pre>java.lang.AssertionError: This test is supposed to fail!
	at com.example.tests.SuiteTest.testWithSuite_failed(SuiteTest.java:18)
	at java.base/java.util.ArrayList.forEach(ArrayList.java:1596)
	at com.example.base.TestRunner.main(TestRunner.java:12)
... Removed 23 stack frames</pre></div><a href='#' onClick='toggleBox("stack-trace1579440430", this, "Click to show all stack frames", "Click to hide stack frames")'>Click to show all stack frames</a>
<div class='stack-trace' id='stack-trace1579440430'><pre>java.lang.AssertionError: This test is supposed to fail!
	at org.testng.Assert.fail(Assert.java:111)
	at com.example.tests.SuiteTest.testWithSuite_failed(SuiteTest.java:18)
	at java.base/jdk.internal.reflect.DirectMethodHandleAccessor.invoke(DirectMethodHandleAccessor.java:103)
	at java.base/java.lang.reflect.Method.invoke(Method.java:580)
	at org.testng.internal.invokers.MethodInvocationHelper.invokeMethod(MethodInvocationHelper.java:141)
	at org.testng.internal.invokers.TestInvoker.invokeMethod(TestInvoker.java:686)
	at org.testng.internal.invokers.TestInvoker.invokeTestMethod(TestInvoker.java:230)
	at org.testng.internal.invokers.MethodRunner.runInSequence(MethodRunner.java:63)
	at org.testng.internal.invokers.TestInvoker$MethodInvocationAgent.invoke(TestInvoker.java:992)
	at org.testng.internal.invokers.TestInvoker.invokeTestMethods(TestInvoker.java:203)
	at org.testng.internal.invokers.TestMethodWorker.invokeTestMethods(TestMethodWorker.java:154)
	at org.testng.internal.invokers.TestMethodWorker.run(TestMethodWorker.java:134)
	at java.base/java.util.ArrayList.forEach(ArrayList.java:1596)
	at org.testng.TestRunner.privateRun(TestRunner.java:739)
	at org.testng.TestRunner.run(TestRunner.java:614)
	at org.testng.SuiteRunner.runTest(SuiteRunner.java:421)
	at org.testng.SuiteRunner.runSequentially(SuiteRunner.java:413)
	at org.testng.SuiteRunner.privateRun(SuiteRunner.java:373)
	at org.testng.SuiteRunner.run(SuiteRunner.java:312)
	at org.testng.SuiteRunnerWorker.runSuite(SuiteRunnerWorker.java:52)
	at org.testng.SuiteRunnerWorker.run(SuiteRunnerWorker.java:95)
	at org.testng.TestNG.runSuitesSequentially(TestNG.java:1274)
	at org.testng.TestNG.runSuitesLocally(TestNG.java:1208)
	at org.testng.TestNG.runSuites(TestNG.java:1112)
	at org.testng.TestNG.run(TestNG.java:1079)
	at com.example.base.TestRunner.main(TestRunner.java:12)
</pre></div></td>
<td>0</td>
<td>com.example.tests.SuiteTest@7e94d093</td></tr>
</table><p>
<table width='100%' border='1' class='invocation-passed'>
<tr><td colspan='4' align='center'><b>PASSED TESTS</b></td></tr>
<tr><td><b>Test method</b></td>
<td><b>Attribute(s)</b></td>
<td width="30%"><b>Exception</b></td>
<td width="10%"><b>Time (seconds)</b></td>
<td><b>Instance</b></td>
</tr>
<tr>
<td title='com.example.tests.FieldsTest.testWithFields_Description()'><b>testWithFields_Description</b><br>Test class: com.example.tests.FieldsTest</td>
<td></td>
<td>0</td>
<td>com.example.tests.FieldsTest@506dcf55</td></tr>
<tr>
<td title='com.example.tests.FieldsTest.testWithFields_Layer_api()'><b>testWithFields_Layer_api</b><br>Test class: com.example.tests.FieldsTest</td>
<td></td>
<td>0</td>
<td>com.example.tests.FieldsTest@506dcf55</td></tr>
<tr>
<td title='com.example.tests.FieldsTest.testWithFields_Priority_medium()'><b>testWithFields_Priority_medium</b><br>Test class: com.example.tests.FieldsTest</td>
<td></td>
<td>0</td>
<td>com.example.tests.FieldsTest@506dcf55</td></tr>
<tr>
<td title='com.example.tests.ParamsTest.testMethod_success()'><b>testMethod_success</b><br>Test class: com.example.tests.ParamsTest<br>Parameters: Example value1</td>
<td></td>
<td>0</td>
<td>com.example.tests.ParamsTest@15f2eda3</td></tr>
<tr>
<td title='com.example.tests.FieldsTest.testWithFields_Layer_e2e()'><b>testWithFields_Layer_e2e</b><br>Test class: com.example.tests.FieldsTest</td>
<td></td>
<td>0</td>
<td>com.example.tests.FieldsTest@506dcf55</td></tr>
<tr>
<td title='com.example.tests.AppTest.Test_without_any_Qase_annotations()'><b>Test_without_any_Qase_annotations</b><br>Test class: com.example.tests.AppTest</td>
<td></td>
<td>0</td>
<td>com.example.tests.AppTest@34cf294c</td></tr>
<tr>
<td title='com.example.tests.FieldsTest.testWithFields_Postconditions()'><b>testWithFields_Postconditions</b><br>Test class: com.example.tests.FieldsTest</td>
<td></td>
<td>0</td>
<td>com.example.tests.FieldsTest@506dcf55</td></tr>
<tr>
<td title='com.example.tests.SampleTest.demoTest()'><b>demoTest</b><br>Test class: com.example.tests.SampleTest</td>
<td></td>
<td>0</td>
<td>com.example.tests.SampleTest@270b6b5e</td></tr>
<tr>
<td title='com.example.tests.QaseIdTest.testWithQaseId_success()'><b>testWithQaseId_success</b><br>Test class: com.example.tests.QaseIdTest</td>
<td></td>
<td>0</td>
<td>com.example.tests.QaseIdTest@563a89b5</td></tr>
<tr>
<td title='com.example.tests.FieldsTest.testWithFields_Layer_unit()'><b>testWithFields_Layer_unit</b><br>Test class: com.example.tests.FieldsTest</td>
<td></td>
<td>0</td>
<td>com.example.tests.FieldsTest@506dcf55</td></tr>
<tr>
<td title='com.example.tests.FieldsTest.testWithFields_Priority_low()'><b>testWithFields_Priority_low</b><br>Test class: com.example.tests.FieldsTest</td>
<td></td>
<td>0</td>
<td>com.example.tests.FieldsTest@506dcf55</td></tr>
<tr>
<td title='com.example.tests.CommentTest.testWithComment_success()'><b>testWithComment_success</b><br>Test class: com.example.tests.CommentTest</td>
<td></td>
<td>0</td>
<td>com.example.tests.CommentTest@7c6189d5</td></tr>
<tr>
<td title='com.example.tests.FieldsTest.testWithFields_Priority_high()'><b>testWithFields_Priority_high</b><br>Test class: com.example.tests.FieldsTest</td>
<td></td>
<td>0</td>
<td>com.example.tests.FieldsTest@506dcf55</td></tr>
<tr>
<td title='com.example.tests.FieldsTest.testWithFields_Severity_critical()'><b>testWithFields_Severity_critical</b><br>Test class: com.example.tests.FieldsTest</td>
<td></td>
<td>0</td>
<td>com.example.tests.FieldsTest@506dcf55</td></tr>
<tr>
<td title='com.example.tests.FieldsTest.testWithFields_Preconditions()'><b>testWithFields_Preconditions</b><br>Test class: com.example.tests.FieldsTest</td>
<td></td>
<td>0</td>
<td>com.example.tests.FieldsTest@506dcf55</td></tr>
<tr>
<td title='com.example.tests.FieldsTest.testWithFields_Severity_trivial()'><b>testWithFields_Severity_trivial</b><br>Test class: com.example.tests.FieldsTest</td>
<td></td>
<td>0</td>
<td>com.example.tests.FieldsTest@506dcf55</td></tr>
<tr>
<td title='com.example.tests.AttachTest.testWithStepAttachment()'><b>testWithStepAttachment</b><br>Test class: com.example.tests.AttachTest</td>
<td></td>
<td>0</td>
<td>com.example.tests.AttachTest@3f4cd155</td></tr>
<tr>
<td title='com.example.tests.ParamsTest.testMethod_success()'><b>testMethod_success</b><br>Test class: com.example.tests.ParamsTest<br>Parameters: Example value3</td>
<td></td>
<td>0</td>
<td>com.example.tests.ParamsTest@15f2eda3</td></tr>
<tr>
<td title='com.example.tests.AttachTest.testWithInlineAttachment()'><b>testWithInlineAttachment</b><br>Test class: com.example.tests.AttachTest</td>
<td></td>
<td>0</td>
<td>com.example.tests.AttachTest@3f4cd155</td></tr>
<tr>
<td title='com.example.tests.ParamsTest.testMethod_success()'><b>testMethod_success</b><br>Test class: com.example.tests.ParamsTest<br>Parameters: Example value2</td>
<td></td>
<td>0</td>
<td>com.example.tests.ParamsTest@15f2eda3</td></tr>
<tr>
<td title='com.example.tests.StepsTest.testWithSteps_success()'><b>testWithSteps_success</b><br>Test class: com.example.tests.StepsTest</td>
<td></td>
<td>0</td>
<td>com.example.tests.StepsTest@14ac77b9</td></tr>
<tr>
<td title='com.example.tests.ParamsTest.testMethod_alsoPasses()'><b>testMethod_alsoPasses</b><br>Test class: com.example.tests.ParamsTest<br>Parameters: Example value1</td>
<td></td>
<td>0</td>
<td>com.example.tests.ParamsTest@15f2eda3</td></tr>
<tr>
<td title='com.example.tests.IgnoreTest.testWithIgnore_success()'><b>testWithIgnore_success</b><br>Test class: com.example.tests.IgnoreTest</td>
<td></td>
<td>0</td>
<td>com.example.tests.IgnoreTest@724c5cbe</td></tr>
<tr>
<td title='com.example.tests.AttachTest.testWithFileAttachment()'><b>testWithFileAttachment</b><br>Test class: com.example.tests.AttachTest</td>
<td></td>
<td>0</td>
<td>com.example.tests.AttachTest@3f4cd155</td></tr>
<tr>
<td title='com.example.tests.FieldsTest.testWithFields_Severity_blocker()'><b>testWithFields_Severity_blocker</b><br>Test class: com.example.tests.FieldsTest</td>
<td></td>
<td>0</td>
<td>com.example.tests.FieldsTest@506dcf55</td></tr>
<tr>
<td title='com.example.tests.FieldsTest.testWithFields_Severity_minor()'><b>testWithFields_Severity_minor</b><br>Test class: com.example.tests.FieldsTest</td>
<td></td>
<td>0</td>
<td>com.example.tests.FieldsTest@506dcf55</td></tr>
<tr>
<td title='com.example.tests.ParamsTest.testMethod_alsoPasses()'><b>testMethod_alsoPasses</b><br>Test class: com.example.tests.ParamsTest<br>Parameters: Example value2</td>
<td></td>
<td>0</td>
<td>com.example.tests.ParamsTest@15f2eda3</td></tr>
<tr>
<td title='com.example.tests.TitleTest.test()'><b>test</b><br>Test class: com.example.tests.TitleTest</td>
<td></td>
<td>0</td>
<td>com.example.tests.TitleTest@4d7aaca2</td></tr>
<tr>
<td title='com.example.tests.SuiteTest.testWithSuite_success()'><b>testWithSuite_success</b><br>Test class: com.example.tests.SuiteTest</td>
<td></td>
<td>0</td>
<td>com.example.tests.SuiteTest@7e94d093</td></tr>
<tr>
<td title='com.example.tests.ParamsTest.testMethod_alsoPasses()'><b>testMethod_alsoPasses</b><br>Test class: com.example.tests.ParamsTest<br>Parameters: Example value3</td>
<td></td>
<td>0</td>
<td>com.example.tests.ParamsTest@15f2eda3</td></tr>
<tr>
<td title='com.example.tests.FieldsTest.testWithFields_Severity_major()'><b>testWithFields_Severity_major</b><br>Test class: com.example.tests.FieldsTest</td>
<td></td>
<td>0</td>
<td>com.example.tests.FieldsTest@506dcf55</td></tr>
<tr>
<td title='com.example.tests.FieldsTest.testWithFields_Severity_normal()'><b>testWithFields_Severity_normal</b><br>Test class: com.example.tests.FieldsTest</td>
<td></td>
<td>0</td>
<td>com.example.tests.FieldsTest@506dcf55</td></tr>
</table><p>
</body>
</html>