<?xml version="1.0" encoding="UTF-8"?>
<!-- Generated by org.testng.reporters.JUnitXMLReporter -->
<testsuite ignored="0" hostname="Ankitas-MacBook-Air.local" failures="1" tests="33" name="AllTests" time="1.488" errors="0" timestamp="2025-08-19T15:39:36 IST">
  <testcase classname="com.example.tests.IgnoreTest" name="testWithIgnore_success" time="0.003"/>
  <testcase classname="com.example.tests.ParamsTest" name="testMethod_alsoPasses" time="0.003"/>
  <testcase classname="com.example.tests.ParamsTest" name="testMethod_alsoPasses" time="0.0"/>
  <testcase classname="com.example.tests.ParamsTest" name="testMethod_alsoPasses" time="0.001"/>
  <testcase classname="com.example.tests.ParamsTest" name="testMethod_success" time="0.0"/>
  <testcase classname="com.example.tests.ParamsTest" name="testMethod_success" time="0.0"/>
  <testcase classname="com.example.tests.ParamsTest" name="testMethod_success" time="0.001"/>
  <testcase classname="com.example.tests.AppTest" name="Test_without_any_Qase_annotations" time="0.0"/>
  <testcase classname="com.example.tests.TitleTest" name="test" time="0.0"/>
  <testcase classname="com.example.tests.StepsTest" name="testWithSteps_success" time="0.007"/>
  <testcase classname="com.example.tests.AttachTest" name="testWithFileAttachment" time="0.0"/>
  <testcase classname="com.example.tests.AttachTest" name="testWithInlineAttachment" time="0.001"/>
  <testcase classname="com.example.tests.AttachTest" name="testWithStepAttachment" time="0.0"/>
  <testcase classname="com.example.tests.QaseIdTest" name="testWithQaseId_success" time="0.0"/>
  <testcase classname="com.example.tests.FieldsTest" name="testWithFields_Description" time="0.0"/>
  <testcase classname="com.example.tests.FieldsTest" name="testWithFields_Layer_api" time="0.0"/>
  <testcase classname="com.example.tests.FieldsTest" name="testWithFields_Layer_e2e" time="0.0"/>
  <testcase classname="com.example.tests.FieldsTest" name="testWithFields_Layer_unit" time="0.0"/>
  <testcase classname="com.example.tests.FieldsTest" name="testWithFields_Postconditions" time="0.0"/>
  <testcase classname="com.example.tests.FieldsTest" name="testWithFields_Preconditions" time="0.001"/>
  <testcase classname="com.example.tests.FieldsTest" name="testWithFields_Priority_high" time="0.001"/>
  <testcase classname="com.example.tests.FieldsTest" name="testWithFields_Priority_low" time="0.0"/>
  <testcase classname="com.example.tests.FieldsTest" name="testWithFields_Priority_medium" time="0.0"/>
  <testcase classname="com.example.tests.FieldsTest" name="testWithFields_Severity_blocker" time="0.0"/>
  <testcase classname="com.example.tests.FieldsTest" name="testWithFields_Severity_critical" time="0.0"/>
  <testcase classname="com.example.tests.FieldsTest" name="testWithFields_Severity_major" time="0.0"/>
  <testcase classname="com.example.tests.FieldsTest" name="testWithFields_Severity_minor" time="0.001"/>
  <testcase classname="com.example.tests.FieldsTest" name="testWithFields_Severity_normal" time="0.0"/>
  <testcase classname="com.example.tests.FieldsTest" name="testWithFields_Severity_trivial" time="0.0"/>
  <testcase classname="com.example.tests.SampleTest" name="demoTest" time="0.0"/>
  <testcase classname="com.example.tests.SuiteTest" name="testWithSuite_failed" time="0.0">
    <failure type="java.lang.AssertionError" message="This test is supposed to fail!">
      <![CDATA[java.lang.AssertionError: This test is supposed to fail!
at com.example.tests.SuiteTest.testWithSuite_failed(SuiteTest.java:18)
at java.base/java.util.ArrayList.forEach(ArrayList.java:1596)
at com.example.base.TestRunner.main(TestRunner.java:12)
... Removed 23 stack frames]]>
    </failure>
  </testcase> <!-- testWithSuite_failed -->
  <testcase classname="com.example.tests.SuiteTest" name="testWithSuite_success" time="0.0"/>
  <testcase classname="com.example.tests.CommentTest" name="testWithComment_success" time="0.0"/>
</testsuite> <!-- AllTests -->
