<?xml version="1.0" encoding="UTF-8"?>
<!-- Generated by org.testng.reporters.JUnitReportReporter -->
<testsuite hostname="Ankitas-MacBook-Air.local" failures="0" tests="3" name="com.example.tests.AttachTest" time="0.001" errors="0" timestamp="2025-08-19T15:39:40 IST" skipped="0">
  <testcase classname="com.example.tests.AttachTest" name="testWithInlineAttachment" time="0.001"/>
  <testcase classname="com.example.tests.AttachTest" name="testWithStepAttachment" time="0.000"/>
  <testcase classname="com.example.tests.AttachTest" name="testWithFileAttachment" time="0.000"/>
</testsuite> <!-- com.example.tests.AttachTest -->
